<?xml version="1.0" encoding="utf-8"?><testsuites name="pytest tests"><testsuite name="pytest" errors="0" failures="9" skipped="0" tests="24" time="424.346" timestamp="2026-03-06T03:07:46.936542+00:00" hostname="agent-env-f234f04a-ce0d-43b6-9cfe-74f80c24c0b1"><testcase classname="backend.tests.test_carbontraceai.TestHealthCheck" name="test_api_health" time="0.897" /><testcase classname="backend.tests.test_carbontraceai.TestHealthCheck" name="test_api_root" time="0.039" /><testcase classname="backend.tests.test_carbontraceai.TestAuthentication" name="test_register_user" time="0.264" /><testcase classname="backend.tests.test_carbontraceai.TestAuthentication" name="test_login_user" time="0.271" /><testcase classname="backend.tests.test_carbontraceai.TestAuthentication" name="test_login_invalid_credentials" time="0.035" /><testcase classname="backend.tests.test_carbontraceai.TestAuthentication" name="test_get_current_user" time="0.036" /><testcase classname="backend.tests.test_carbontraceai.TestAuthentication" name="test_get_organizations" time="0.079" /><testcase classname="backend.tests.test_carbontraceai.TestSingleInvoiceUpload" name="test_single_upload_success" time="52.924" /><testcase classname="backend.tests.test_carbontraceai.TestSingleInvoiceUpload" name="test_single_upload_invalid_file_type" time="0.184" /><testcase classname="backend.tests.test_carbontraceai.TestSingleInvoiceUpload" name="test_single_upload_missing_org_id" time="0.220" /><testcase classname="backend.tests.test_carbontraceai.TestBatchInvoiceUpload" name="test_batch_upload_success" time="60.109"><failure message="assert 502 == 200&#10; +  where 502 = &lt;Response [502]&gt;.status_code">backend/tests/test_carbontraceai.py:349: in test_batch_upload_success
    assert response.status_code == 200
E   assert 502 == 200
E    +  where 502 = &lt;Response [502]&gt;.status_code</failure></testcase><testcase classname="backend.tests.test_carbontraceai.TestBatchInvoiceUpload" name="test_batch_upload_with_none_quarter" time="60.134"><failure message="assert 502 == 200&#10; +  where 502 = &lt;Response [502]&gt;.status_code">backend/tests/test_carbontraceai.py:396: in test_batch_upload_with_none_quarter
    assert response.status_code == 200
E   assert 502 == 200
E    +  where 502 = &lt;Response [502]&gt;.status_code</failure></testcase><testcase classname="backend.tests.test_carbontraceai.TestBatchInvoiceUpload" name="test_batch_upload_too_many_files" time="35.222" /><testcase classname="backend.tests.test_carbontraceai.TestInvoiceHistory" name="test_get_invoices" time="0.162" /><testcase classname="backend.tests.test_carbontraceai.TestInvoiceHistory" name="test_get_invoice_by_id" time="0.120" /><testcase classname="backend.tests.test_carbontraceai.TestInvoiceHistory" name="test_get_invoice_not_found" time="0.039" /><testcase classname="backend.tests.test_carbontraceai.TestESGReportGeneration" name="test_get_frameworks" time="0.080" /><testcase classname="backend.tests.test_carbontraceai.TestESGReportGeneration" name="test_generate_issb_report" time="60.038"><failure message="assert 502 == 200&#10; +  where 502 = &lt;Response [502]&gt;.status_code">backend/tests/test_carbontraceai.py:521: in test_generate_issb_report
    assert response.status_code == 200
E   assert 502 == 200
E    +  where 502 = &lt;Response [502]&gt;.status_code</failure></testcase><testcase classname="backend.tests.test_carbontraceai.TestESGReportGeneration" name="test_generate_tcfd_report" time="60.057"><failure message="assert 502 == 200&#10; +  where 502 = &lt;Response [502]&gt;.status_code">backend/tests/test_carbontraceai.py:545: in test_generate_tcfd_report
    assert response.status_code == 200
E   assert 502 == 200
E    +  where 502 = &lt;Response [502]&gt;.status_code</failure></testcase><testcase classname="backend.tests.test_carbontraceai.TestESGReportGeneration" name="test_generate_gri_report" time="60.051"><failure message="assert 502 == 200&#10; +  where 502 = &lt;Response [502]&gt;.status_code">backend/tests/test_carbontraceai.py:563: in test_generate_gri_report
    assert response.status_code == 200
E   assert 502 == 200
E    +  where 502 = &lt;Response [502]&gt;.status_code</failure></testcase><testcase classname="backend.tests.test_carbontraceai.TestESGReportGeneration" name="test_generate_cbam_report" time="32.855"><failure message="assert 502 == 200&#10; +  where 502 = &lt;Response [502]&gt;.status_code">backend/tests/test_carbontraceai.py:582: in test_generate_cbam_report
    assert response.status_code == 200
E   assert 502 == 200
E    +  where 502 = &lt;Response [502]&gt;.status_code</failure></testcase><testcase classname="backend.tests.test_carbontraceai.TestESGReportGeneration" name="test_get_reports" time="0.050"><failure message="assert 502 == 200&#10; +  where 502 = &lt;Response [502]&gt;.status_code">backend/tests/test_carbontraceai.py:593: in test_get_reports
    assert response.status_code == 200
E   assert 502 == 200
E    +  where 502 = &lt;Response [502]&gt;.status_code</failure></testcase><testcase classname="backend.tests.test_carbontraceai.TestESGReportGeneration" name="test_generate_cbam_product_report" time="0.152"><failure message="assert 502 == 200&#10; +  where 502 = &lt;Response [502]&gt;.status_code">backend/tests/test_carbontraceai.py:632: in test_generate_cbam_product_report
    assert response.status_code == 200
E   assert 502 == 200
E    +  where 502 = &lt;Response [502]&gt;.status_code</failure></testcase><testcase classname="backend.tests.test_carbontraceai.TestEmissionRecords" name="test_get_emission_records" time="0.072"><failure message="assert 502 == 200&#10; +  where 502 = &lt;Response [502]&gt;.status_code">backend/tests/test_carbontraceai.py:652: in test_get_emission_records
    assert response.status_code == 200
E   assert 502 == 200
E    +  where 502 = &lt;Response [502]&gt;.status_code</failure></testcase></testsuite></testsuites>